<?xml version="1.0" encoding="UTF-8"?>
<!-- Generated by org.testng.reporters.JUnitReportReporter -->
<testsuite hostname="LAPTOP-L57128JD" failures="0" tests="6" name="com.qa.opencart.tests.LoginPageTest" time="37.003" errors="0" timestamp="2023-10-15T12:14:32 GMT-04:00" skipped="0">
  <testcase classname="com.qa.opencart.tests.LoginPageTest" name="loginPageNavigationTest" time="4.439"/>
  <testcase classname="com.qa.opencart.tests.LoginPageTest" name="loginPageNavigationTest" time="3.535"/>
  <testcase classname="com.qa.opencart.tests.LoginPageTest" name="ForgetPasswordLinkExistTest" time="0.160"/>
  <testcase classname="com.qa.opencart.tests.LoginPageTest" name="ForgetPasswordLinkExistTest" time="2.428"/>
  <testcase classname="com.qa.opencart.tests.LoginPageTest" name="appLoginTest" time="13.897"/>
  <testcase classname="com.qa.opencart.tests.LoginPageTest" name="appLoginTest" time="12.544"/>
</testsuite> <!-- com.qa.opencart.tests.LoginPageTest -->
