<?xml version="1.0" encoding="UTF-8"?>
<!-- Generated by org.testng.reporters.JUnitReportReporter -->
<testsuite hostname="LAPTOP-L57128JD" failures="0" tests="5" name="com.qa.opencart.tests.HomePageTest" time="2.009" errors="0" timestamp="2023-10-15T08:41:41 GMT-04:00" skipped="0">
  <testcase classname="com.qa.opencart.tests.HomePageTest" name="homePageURLTest" time="0.003"/>
  <testcase classname="com.qa.opencart.tests.HomePageTest" name="searchTest" time="0.686"/>
  <testcase classname="com.qa.opencart.tests.HomePageTest" name="homePageTitleTest" time="0.020"/>
  <testcase classname="com.qa.opencart.tests.HomePageTest" name="searchTest" time="0.706"/>
  <testcase classname="com.qa.opencart.tests.HomePageTest" name="searchTest" time="0.594"/>
</testsuite> <!-- com.qa.opencart.tests.HomePageTest -->
