<?xml version="1.0" encoding="UTF-8"?>
<!-- Generated by org.testng.reporters.JUnitReportReporter -->
<testsuite hostname="LAPTOP-L57128JD" failures="0" tests="3" name="com.qa.opencart.tests.LoginPageTest" time="13.716" errors="0" timestamp="2023-10-14T20:51:33 GMT-04:00" skipped="0">
  <testcase classname="com.qa.opencart.tests.LoginPageTest" name="loginPageNavigationTest" time="2.717"/>
  <testcase classname="com.qa.opencart.tests.LoginPageTest" name="ForgetPasswordLinkExistTest" time="0.037"/>
  <testcase classname="com.qa.opencart.tests.LoginPageTest" name="appLoginTest" time="10.962"/>
</testsuite> <!-- com.qa.opencart.tests.LoginPageTest -->
