<?xml version="1.0" encoding="UTF-8"?>
<!-- Generated by org.testng.reporters.JUnitReportReporter -->
<testsuite hostname="LAPTOP-L57128JD" failures="0" tests="6" name="com.qa.opencart.tests.LoginPageTest" time="37.980" errors="0" timestamp="2023-10-15T18:41:17 GMT-04:00" skipped="0">
  <testcase classname="com.qa.opencart.tests.LoginPageTest" name="loginPageNavigationTest" time="3.970"/>
  <testcase classname="com.qa.opencart.tests.LoginPageTest" name="loginPageNavigationTest" time="4.606"/>
  <testcase classname="com.qa.opencart.tests.LoginPageTest" name="ForgetPasswordLinkExistTest" time="0.008"/>
  <testcase classname="com.qa.opencart.tests.LoginPageTest" name="ForgetPasswordLinkExistTest" time="0.975"/>
  <testcase classname="com.qa.opencart.tests.LoginPageTest" name="appLoginTest" time="14.590"/>
  <testcase classname="com.qa.opencart.tests.LoginPageTest" name="appLoginTest" time="13.831"/>
</testsuite> <!-- com.qa.opencart.tests.LoginPageTest -->
