<?xml version="1.0" encoding="UTF-8"?>
<!-- Generated by org.testng.reporters.JUnitReportReporter -->
<testsuite hostname="LAPTOP-L57128JD" failures="0" tests="10" name="com.qa.opencart.tests.HomePageTest" time="11.257" errors="0" timestamp="2023-10-15T12:14:32 GMT-04:00" skipped="0">
  <testcase classname="com.qa.opencart.tests.HomePageTest" name="searchTest" time="1.771"/>
  <testcase classname="com.qa.opencart.tests.HomePageTest" name="homePageTitleTest" time="0.391"/>
  <testcase classname="com.qa.opencart.tests.HomePageTest" name="homePageURLTest" time="1.169"/>
  <testcase classname="com.qa.opencart.tests.HomePageTest" name="homePageTitleTest" time="0.046"/>
  <testcase classname="com.qa.opencart.tests.HomePageTest" name="searchTest" time="0.806"/>
  <testcase classname="com.qa.opencart.tests.HomePageTest" name="searchTest" time="1.413"/>
  <testcase classname="com.qa.opencart.tests.HomePageTest" name="searchTest" time="1.913"/>
  <testcase classname="com.qa.opencart.tests.HomePageTest" name="homePageURLTest" time="0.660"/>
  <testcase classname="com.qa.opencart.tests.HomePageTest" name="searchTest" time="2.009"/>
  <testcase classname="com.qa.opencart.tests.HomePageTest" name="searchTest" time="1.079"/>
</testsuite> <!-- com.qa.opencart.tests.HomePageTest -->
