<?xml version="1.0" encoding="UTF-8"?>
<!-- Generated by org.testng.reporters.JUnitReportReporter -->
<testsuite hostname="LAPTOP-L57128JD" failures="0" tests="3" name="com.qa.opencart.tests.LoginPageTest" time="14.176" errors="0" timestamp="2023-10-15T08:41:41 GMT-04:00" skipped="0">
  <testcase classname="com.qa.opencart.tests.LoginPageTest" name="loginPageNavigationTest" time="3.166"/>
  <testcase classname="com.qa.opencart.tests.LoginPageTest" name="ForgetPasswordLinkExistTest" time="0.156"/>
  <testcase classname="com.qa.opencart.tests.LoginPageTest" name="appLoginTest" time="10.854"/>
</testsuite> <!-- com.qa.opencart.tests.LoginPageTest -->
