<?xml version="1.0" encoding="UTF-8"?>
<!-- Generated by org.testng.reporters.JUnitReportReporter -->
<testsuite hostname="LAPTOP-L57128JD" failures="0" tests="10" name="com.qa.opencart.tests.HomePageTest" time="14.645" errors="0" timestamp="2023-10-15T18:41:17 GMT-04:00" skipped="0">
  <testcase classname="com.qa.opencart.tests.HomePageTest" name="searchTest" time="1.938"/>
  <testcase classname="com.qa.opencart.tests.HomePageTest" name="searchTest" time="2.485"/>
  <testcase classname="com.qa.opencart.tests.HomePageTest" name="searchTest" time="0.536"/>
  <testcase classname="com.qa.opencart.tests.HomePageTest" name="homePageTitleTest" time="1.252"/>
  <testcase classname="com.qa.opencart.tests.HomePageTest" name="searchTest" time="2.713"/>
  <testcase classname="com.qa.opencart.tests.HomePageTest" name="searchTest" time="3.497"/>
  <testcase classname="com.qa.opencart.tests.HomePageTest" name="searchTest" time="2.087"/>
  <testcase classname="com.qa.opencart.tests.HomePageTest" name="homePageURLTest" time="0.004"/>
  <testcase classname="com.qa.opencart.tests.HomePageTest" name="homePageURLTest" time="0.001"/>
  <testcase classname="com.qa.opencart.tests.HomePageTest" name="homePageTitleTest" time="0.132"/>
</testsuite> <!-- com.qa.opencart.tests.HomePageTest -->
