<?xml version="1.0" encoding="UTF-8"?>
<!-- Generated by org.testng.reporters.JUnitReportReporter -->
<testsuite hostname="LAPTOP-L57128JD" failures="0" tests="5" name="com.qa.opencart.tests.HomePageTest" time="2.494" errors="0" timestamp="2023-10-14T20:51:33 GMT-04:00" skipped="0">
  <testcase classname="com.qa.opencart.tests.HomePageTest" name="searchTest" time="1.102"/>
  <testcase classname="com.qa.opencart.tests.HomePageTest" name="searchTest" time="0.661"/>
  <testcase classname="com.qa.opencart.tests.HomePageTest" name="homePageTitleTest" time="0.018"/>
  <testcase classname="com.qa.opencart.tests.HomePageTest" name="homePageURLTest" time="0.005"/>
  <testcase classname="com.qa.opencart.tests.HomePageTest" name="searchTest" time="0.708"/>
</testsuite> <!-- com.qa.opencart.tests.HomePageTest -->
