<?xml version="1.0" encoding="UTF-8"?>
<!-- Generated by org.testng.reporters.JUnitReportReporter -->
<testsuite hostname="LAPTOP-L57128JD" failures="0" tests="5" name="com.qa.opencart.tests.HomePageTest" time="2.220" errors="0" timestamp="2023-10-15T08:33:28 GMT-04:00" skipped="0">
  <testcase classname="com.qa.opencart.tests.HomePageTest" name="searchTest" time="0.671"/>
  <testcase classname="com.qa.opencart.tests.HomePageTest" name="homePageTitleTest" time="0.020"/>
  <testcase classname="com.qa.opencart.tests.HomePageTest" name="searchTest" time="0.806"/>
  <testcase classname="com.qa.opencart.tests.HomePageTest" name="searchTest" time="0.718"/>
  <testcase classname="com.qa.opencart.tests.HomePageTest" name="homePageURLTest" time="0.005"/>
</testsuite> <!-- com.qa.opencart.tests.HomePageTest -->
