<?xml version="1.0" encoding="UTF-8"?>
<!-- Generated by org.testng.reporters.JUnitReportReporter -->
<testsuite hostname="LAPTOP-L57128JD" failures="0" tests="3" name="com.qa.opencart.tests.LoginPageTest" time="16.060" errors="0" timestamp="2023-10-15T10:24:40 GMT-04:00" skipped="0">
  <testcase classname="com.qa.opencart.tests.LoginPageTest" name="loginPageNavigationTest" time="3.030"/>
  <testcase classname="com.qa.opencart.tests.LoginPageTest" name="ForgetPasswordLinkExistTest" time="0.689"/>
  <testcase classname="com.qa.opencart.tests.LoginPageTest" name="appLoginTest" time="12.341"/>
</testsuite> <!-- com.qa.opencart.tests.LoginPageTest -->
