<?xml version="1.0" encoding="UTF-8"?>
<!-- Generated by org.testng.reporters.JUnitReportReporter -->
<testsuite hostname="LAPTOP-L57128JD" failures="0" tests="10" name="com.qa.opencart.tests.HomePageTest" time="12.678" errors="0" timestamp="2023-10-15T16:27:35 GMT-04:00" skipped="0">
  <testcase classname="com.qa.opencart.tests.HomePageTest" name="homePageURLTest" time="0.831"/>
  <testcase classname="com.qa.opencart.tests.HomePageTest" name="searchTest" time="1.336"/>
  <testcase classname="com.qa.opencart.tests.HomePageTest" name="searchTest" time="0.637"/>
  <testcase classname="com.qa.opencart.tests.HomePageTest" name="homePageURLTest" time="3.197"/>
  <testcase classname="com.qa.opencart.tests.HomePageTest" name="searchTest" time="0.975"/>
  <testcase classname="com.qa.opencart.tests.HomePageTest" name="searchTest" time="0.561"/>
  <testcase classname="com.qa.opencart.tests.HomePageTest" name="homePageTitleTest" time="0.034"/>
  <testcase classname="com.qa.opencart.tests.HomePageTest" name="searchTest" time="1.095"/>
  <testcase classname="com.qa.opencart.tests.HomePageTest" name="homePageTitleTest" time="0.118"/>
  <testcase classname="com.qa.opencart.tests.HomePageTest" name="searchTest" time="3.894"/>
</testsuite> <!-- com.qa.opencart.tests.HomePageTest -->
