<?xml version="1.0" encoding="UTF-8"?>
<!-- Generated by org.testng.reporters.JUnitReportReporter -->
<testsuite hostname="LAPTOP-L57128JD" failures="0" tests="3" name="com.qa.opencart.tests.LoginPageTest" time="14.299" errors="0" timestamp="2023-10-15T10:08:16 GMT-04:00" skipped="0">
  <testcase classname="com.qa.opencart.tests.LoginPageTest" name="loginPageNavigationTest" time="3.119"/>
  <testcase classname="com.qa.opencart.tests.LoginPageTest" name="ForgetPasswordLinkExistTest" time="0.232"/>
  <testcase classname="com.qa.opencart.tests.LoginPageTest" name="appLoginTest" time="10.948"/>
</testsuite> <!-- com.qa.opencart.tests.LoginPageTest -->
