<?xml version="1.0" encoding="UTF-8"?>
<!-- Generated by org.testng.reporters.JUnitReportReporter -->
<testsuite hostname="LAPTOP-L57128JD" failures="0" tests="5" name="com.qa.opencart.tests.HomePageTest" time="2.269" errors="0" timestamp="2023-10-15T07:57:10 GMT-04:00" skipped="0">
  <testcase classname="com.qa.opencart.tests.HomePageTest" name="searchTest" time="0.694"/>
  <testcase classname="com.qa.opencart.tests.HomePageTest" name="searchTest" time="0.769"/>
  <testcase classname="com.qa.opencart.tests.HomePageTest" name="searchTest" time="0.788"/>
  <testcase classname="com.qa.opencart.tests.HomePageTest" name="homePageURLTest" time="0.005"/>
  <testcase classname="com.qa.opencart.tests.HomePageTest" name="homePageTitleTest" time="0.013"/>
</testsuite> <!-- com.qa.opencart.tests.HomePageTest -->
