<?xml version="1.0" encoding="UTF-8"?>
<!-- Generated by org.testng.reporters.JUnitReportReporter -->
<testsuite hostname="LAPTOP-L57128JD" failures="0" tests="5" name="com.qa.opencart.tests.HomePageTest" time="2.007" errors="0" timestamp="2023-10-15T10:08:16 GMT-04:00" skipped="0">
  <testcase classname="com.qa.opencart.tests.HomePageTest" name="searchTest" time="0.571"/>
  <testcase classname="com.qa.opencart.tests.HomePageTest" name="homePageTitleTest" time="0.029"/>
  <testcase classname="com.qa.opencart.tests.HomePageTest" name="searchTest" time="0.743"/>
  <testcase classname="com.qa.opencart.tests.HomePageTest" name="searchTest" time="0.662"/>
  <testcase classname="com.qa.opencart.tests.HomePageTest" name="homePageURLTest" time="0.002"/>
</testsuite> <!-- com.qa.opencart.tests.HomePageTest -->
