<?xml version="1.0" encoding="UTF-8"?>
<!-- Generated by org.testng.reporters.JUnitReportReporter -->
<testsuite hostname="LAPTOP-L57128JD" failures="0" tests="6" name="com.qa.opencart.tests.LoginPageTest" time="30.700" errors="0" timestamp="2023-10-15T16:29:59 GMT-04:00" skipped="0">
  <testcase classname="com.qa.opencart.tests.LoginPageTest" name="loginPageNavigationTest" time="3.111"/>
  <testcase classname="com.qa.opencart.tests.LoginPageTest" name="loginPageNavigationTest" time="3.044"/>
  <testcase classname="com.qa.opencart.tests.LoginPageTest" name="ForgetPasswordLinkExistTest" time="0.407"/>
  <testcase classname="com.qa.opencart.tests.LoginPageTest" name="ForgetPasswordLinkExistTest" time="0.764"/>
  <testcase classname="com.qa.opencart.tests.LoginPageTest" name="appLoginTest" time="11.114"/>
  <testcase classname="com.qa.opencart.tests.LoginPageTest" name="appLoginTest" time="12.260"/>
</testsuite> <!-- com.qa.opencart.tests.LoginPageTest -->
