<?xml version="1.0" encoding="UTF-8"?>
<!-- Generated by org.testng.reporters.JUnitReportReporter -->
<testsuite hostname="LAPTOP-L57128JD" failures="0" tests="10" name="com.qa.opencart.tests.HomePageTest" time="9.608" errors="0" timestamp="2023-10-15T16:36:22 GMT-04:00" skipped="0">
  <testcase classname="com.qa.opencart.tests.HomePageTest" name="searchTest" time="0.571"/>
  <testcase classname="com.qa.opencart.tests.HomePageTest" name="searchTest" time="2.568"/>
  <testcase classname="com.qa.opencart.tests.HomePageTest" name="homePageURLTest" time="0.000"/>
  <testcase classname="com.qa.opencart.tests.HomePageTest" name="searchTest" time="1.196"/>
  <testcase classname="com.qa.opencart.tests.HomePageTest" name="homePageTitleTest" time="0.088"/>
  <testcase classname="com.qa.opencart.tests.HomePageTest" name="searchTest" time="0.668"/>
  <testcase classname="com.qa.opencart.tests.HomePageTest" name="searchTest" time="0.528"/>
  <testcase classname="com.qa.opencart.tests.HomePageTest" name="homePageTitleTest" time="0.812"/>
  <testcase classname="com.qa.opencart.tests.HomePageTest" name="homePageURLTest" time="0.803"/>
  <testcase classname="com.qa.opencart.tests.HomePageTest" name="searchTest" time="2.374"/>
</testsuite> <!-- com.qa.opencart.tests.HomePageTest -->
