<?xml version="1.0" encoding="UTF-8"?>
<!-- Generated by org.testng.reporters.JUnitReportReporter -->
<testsuite hostname="LAPTOP-L57128JD" failures="0" tests="10" name="com.qa.opencart.tests.HomePageTest" time="8.265" errors="0" timestamp="2023-10-15T16:29:59 GMT-04:00" skipped="0">
  <testcase classname="com.qa.opencart.tests.HomePageTest" name="homePageTitleTest" time="0.017"/>
  <testcase classname="com.qa.opencart.tests.HomePageTest" name="searchTest" time="0.684"/>
  <testcase classname="com.qa.opencart.tests.HomePageTest" name="homePageURLTest" time="0.000"/>
  <testcase classname="com.qa.opencart.tests.HomePageTest" name="searchTest" time="0.896"/>
  <testcase classname="com.qa.opencart.tests.HomePageTest" name="homePageURLTest" time="1.562"/>
  <testcase classname="com.qa.opencart.tests.HomePageTest" name="homePageTitleTest" time="0.033"/>
  <testcase classname="com.qa.opencart.tests.HomePageTest" name="searchTest" time="0.858"/>
  <testcase classname="com.qa.opencart.tests.HomePageTest" name="searchTest" time="0.779"/>
  <testcase classname="com.qa.opencart.tests.HomePageTest" name="searchTest" time="1.303"/>
  <testcase classname="com.qa.opencart.tests.HomePageTest" name="searchTest" time="2.133"/>
</testsuite> <!-- com.qa.opencart.tests.HomePageTest -->
