<?xml version="1.0" encoding="UTF-8"?>
<!-- Generated by org.testng.reporters.JUnitReportReporter -->
<testsuite hostname="LAPTOP-L57128JD" failures="0" tests="6" name="com.qa.opencart.tests.LoginPageTest" time="28.971" errors="0" timestamp="2023-10-15T12:56:00 GMT-04:00" skipped="0">
  <testcase classname="com.qa.opencart.tests.LoginPageTest" name="loginPageNavigationTest" time="3.617"/>
  <testcase classname="com.qa.opencart.tests.LoginPageTest" name="loginPageNavigationTest" time="3.343"/>
  <testcase classname="com.qa.opencart.tests.LoginPageTest" name="ForgetPasswordLinkExistTest" time="0.016"/>
  <testcase classname="com.qa.opencart.tests.LoginPageTest" name="ForgetPasswordLinkExistTest" time="0.063"/>
  <testcase classname="com.qa.opencart.tests.LoginPageTest" name="appLoginTest" time="10.848"/>
  <testcase classname="com.qa.opencart.tests.LoginPageTest" name="appLoginTest" time="11.084"/>
</testsuite> <!-- com.qa.opencart.tests.LoginPageTest -->
