<?xml version="1.0" encoding="UTF-8"?>
<!-- Generated by org.testng.reporters.JUnitReportReporter -->
<testsuite hostname="LAPTOP-L57128JD" failures="0" tests="10" name="com.qa.opencart.tests.HomePageTest" time="6.810" errors="0" timestamp="2023-10-15T12:56:00 GMT-04:00" skipped="0">
  <testcase classname="com.qa.opencart.tests.HomePageTest" name="searchTest" time="0.599"/>
  <testcase classname="com.qa.opencart.tests.HomePageTest" name="searchTest" time="1.252"/>
  <testcase classname="com.qa.opencart.tests.HomePageTest" name="homePageTitleTest" time="0.030"/>
  <testcase classname="com.qa.opencart.tests.HomePageTest" name="homePageURLTest" time="0.004"/>
  <testcase classname="com.qa.opencart.tests.HomePageTest" name="searchTest" time="0.926"/>
  <testcase classname="com.qa.opencart.tests.HomePageTest" name="homePageURLTest" time="0.455"/>
  <testcase classname="com.qa.opencart.tests.HomePageTest" name="searchTest" time="0.908"/>
  <testcase classname="com.qa.opencart.tests.HomePageTest" name="homePageTitleTest" time="0.486"/>
  <testcase classname="com.qa.opencart.tests.HomePageTest" name="searchTest" time="1.271"/>
  <testcase classname="com.qa.opencart.tests.HomePageTest" name="searchTest" time="0.879"/>
</testsuite> <!-- com.qa.opencart.tests.HomePageTest -->
