<?xml version="1.0" encoding="UTF-8"?>
<!-- Generated by org.testng.reporters.JUnitReportReporter -->
<testsuite hostname="LAPTOP-L57128JD" failures="0" tests="6" name="com.qa.opencart.tests.LoginPageTest" time="30.065" errors="0" timestamp="2023-10-15T16:36:22 GMT-04:00" skipped="0">
  <testcase classname="com.qa.opencart.tests.LoginPageTest" name="loginPageNavigationTest" time="3.319"/>
  <testcase classname="com.qa.opencart.tests.LoginPageTest" name="loginPageNavigationTest" time="2.916"/>
  <testcase classname="com.qa.opencart.tests.LoginPageTest" name="ForgetPasswordLinkExistTest" time="0.507"/>
  <testcase classname="com.qa.opencart.tests.LoginPageTest" name="ForgetPasswordLinkExistTest" time="0.066"/>
  <testcase classname="com.qa.opencart.tests.LoginPageTest" name="appLoginTest" time="12.092"/>
  <testcase classname="com.qa.opencart.tests.LoginPageTest" name="appLoginTest" time="11.165"/>
</testsuite> <!-- com.qa.opencart.tests.LoginPageTest -->
