<?xml version="1.0" encoding="UTF-8"?>
<!-- Generated by org.testng.reporters.JUnitReportReporter -->
<testsuite hostname="LAPTOP-L57128JD" failures="0" tests="10" name="com.qa.opencart.tests.HomePageTest" time="8.947" errors="0" timestamp="2023-10-15T18:42:04 GMT-04:00" skipped="0">
  <testcase classname="com.qa.opencart.tests.HomePageTest" name="homePageURLTest" time="0.002"/>
  <testcase classname="com.qa.opencart.tests.HomePageTest" name="searchTest" time="0.861"/>
  <testcase classname="com.qa.opencart.tests.HomePageTest" name="searchTest" time="2.180"/>
  <testcase classname="com.qa.opencart.tests.HomePageTest" name="searchTest" time="1.629"/>
  <testcase classname="com.qa.opencart.tests.HomePageTest" name="homePageURLTest" time="0.891"/>
  <testcase classname="com.qa.opencart.tests.HomePageTest" name="searchTest" time="0.667"/>
  <testcase classname="com.qa.opencart.tests.HomePageTest" name="homePageTitleTest" time="1.238"/>
  <testcase classname="com.qa.opencart.tests.HomePageTest" name="homePageTitleTest" time="0.029"/>
  <testcase classname="com.qa.opencart.tests.HomePageTest" name="searchTest" time="0.879"/>
  <testcase classname="com.qa.opencart.tests.HomePageTest" name="searchTest" time="0.571"/>
</testsuite> <!-- com.qa.opencart.tests.HomePageTest -->
