<?xml version="1.0" encoding="UTF-8"?>
<!-- Generated by org.testng.reporters.JUnitReportReporter -->
<testsuite hostname="LAPTOP-L57128JD" failures="0" tests="3" name="com.qa.opencart.tests.HomePageTest" time="0.673" errors="0" timestamp="2023-10-13T18:48:55 GMT-04:00" skipped="0">
  <testcase classname="com.qa.opencart.tests.HomePageTest" name="homePageTitleTest" time="0.013"/>
  <testcase classname="com.qa.opencart.tests.HomePageTest" name="searchTest" time="0.660"/>
  <testcase classname="com.qa.opencart.tests.HomePageTest" name="homePageURLTest" time="0.000"/>
</testsuite> <!-- com.qa.opencart.tests.HomePageTest -->
