<?xml version="1.0" encoding="UTF-8"?>
<!-- Generated by org.testng.reporters.JUnitReportReporter -->
<testsuite hostname="LAPTOP-L57128JD" failures="0" tests="6" name="com.qa.opencart.tests.LoginPageTest" time="29.093" errors="0" timestamp="2023-10-15T18:42:04 GMT-04:00" skipped="0">
  <testcase classname="com.qa.opencart.tests.LoginPageTest" name="loginPageNavigationTest" time="3.033"/>
  <testcase classname="com.qa.opencart.tests.LoginPageTest" name="loginPageNavigationTest" time="3.055"/>
  <testcase classname="com.qa.opencart.tests.LoginPageTest" name="ForgetPasswordLinkExistTest" time="0.010"/>
  <testcase classname="com.qa.opencart.tests.LoginPageTest" name="ForgetPasswordLinkExistTest" time="0.439"/>
  <testcase classname="com.qa.opencart.tests.LoginPageTest" name="appLoginTest" time="11.352"/>
  <testcase classname="com.qa.opencart.tests.LoginPageTest" name="appLoginTest" time="11.204"/>
</testsuite> <!-- com.qa.opencart.tests.LoginPageTest -->
